2025/07/01 05:27:28 [notice] 1#1: using the "epoll" event method
2025/07/01 05:27:28 [notice] 1#1: nginx/1.25.2
2025/07/01 05:27:28 [notice] 1#1: built by gcc 12.2.1 20220924 (Alpine 12.2.1_git20220924-r10) 
2025/07/01 05:27:28 [notice] 1#1: OS: Linux 5.10.16.3-microsoft-standard-WSL2
2025/07/01 05:27:28 [notice] 1#1: getrlimit(RLIMIT_NOFILE): 1048576:1048576
2025/07/01 05:27:28 [notice] 1#1: start worker processes
2025/07/01 05:27:28 [notice] 1#1: start worker process 21
2025/07/01 05:27:28 [notice] 1#1: start worker process 22
2025/07/01 05:27:28 [notice] 1#1: start worker process 23
2025/07/01 05:27:28 [notice] 1#1: start worker process 24
2025/07/01 05:27:28 [notice] 1#1: start worker process 25
2025/07/01 05:27:28 [notice] 1#1: start worker process 26
2025/07/01 05:27:28 [notice] 1#1: start worker process 27
2025/07/01 05:27:28 [notice] 1#1: start worker process 28
2025/07/01 05:27:28 [notice] 1#1: start worker process 29
2025/07/01 05:27:28 [notice] 1#1: start worker process 30
2025/07/01 05:27:28 [notice] 1#1: start worker process 31
2025/07/01 05:27:28 [notice] 1#1: start worker process 32
2025/07/01 05:27:28 [notice] 1#1: start worker process 33
2025/07/01 05:27:28 [notice] 1#1: start worker process 34
2025/07/01 05:27:28 [notice] 1#1: start worker process 35
2025/07/01 05:27:28 [notice] 1#1: start worker process 36
2025/07/01 05:46:59 [notice] 1#1: signal 3 (SIGQUIT) received, shutting down
2025/07/01 05:46:59 [notice] 22#22: gracefully shutting down
2025/07/01 05:46:59 [notice] 24#24: gracefully shutting down
2025/07/01 05:46:59 [notice] 27#27: gracefully shutting down
2025/07/01 05:46:59 [notice] 35#35: gracefully shutting down
2025/07/01 05:46:59 [notice] 30#30: gracefully shutting down
2025/07/01 05:46:59 [notice] 34#34: gracefully shutting down
2025/07/01 05:46:59 [notice] 21#21: gracefully shutting down
2025/07/01 05:46:59 [notice] 25#25: gracefully shutting down
2025/07/01 05:46:59 [notice] 26#26: gracefully shutting down
2025/07/01 05:46:59 [notice] 23#23: gracefully shutting down
2025/07/01 05:46:59 [notice] 33#33: gracefully shutting down
2025/07/01 05:46:59 [notice] 22#22: exiting
2025/07/01 05:46:59 [notice] 36#36: gracefully shutting down
2025/07/01 05:46:59 [notice] 24#24: exiting
2025/07/01 05:46:59 [notice] 31#31: gracefully shutting down
2025/07/01 05:46:59 [notice] 32#32: gracefully shutting down
2025/07/01 05:46:59 [notice] 29#29: gracefully shutting down
2025/07/01 05:46:59 [notice] 28#28: gracefully shutting down
2025/07/01 05:46:59 [notice] 35#35: exiting
2025/07/01 05:46:59 [notice] 21#21: exiting
2025/07/01 05:46:59 [notice] 30#30: exiting
2025/07/01 05:46:59 [notice] 34#34: exiting
2025/07/01 05:46:59 [notice] 27#27: exiting
2025/07/01 05:46:59 [notice] 25#25: exiting
2025/07/01 05:46:59 [notice] 22#22: exit
2025/07/01 05:46:59 [notice] 24#24: exit
2025/07/01 05:46:59 [notice] 31#31: exiting
2025/07/01 05:46:59 [notice] 33#33: exiting
2025/07/01 05:46:59 [notice] 31#31: exit
2025/07/01 05:46:59 [notice] 36#36: exiting
2025/07/01 05:46:59 [notice] 26#26: exiting
2025/07/01 05:46:59 [notice] 32#32: exiting
2025/07/01 05:46:59 [notice] 35#35: exit
2025/07/01 05:46:59 [notice] 21#21: exit
2025/07/01 05:46:59 [notice] 23#23: exiting
2025/07/01 05:46:59 [notice] 28#28: exiting
2025/07/01 05:46:59 [notice] 30#30: exit
2025/07/01 05:46:59 [notice] 28#28: exit
2025/07/01 05:46:59 [notice] 34#34: exit
2025/07/01 05:46:59 [notice] 27#27: exit
2025/07/01 05:46:59 [notice] 25#25: exit
2025/07/01 05:46:59 [notice] 29#29: exiting
2025/07/01 05:46:59 [notice] 33#33: exit
2025/07/01 05:46:59 [notice] 36#36: exit
2025/07/01 05:46:59 [notice] 26#26: exit
2025/07/01 05:46:59 [notice] 32#32: exit
2025/07/01 05:46:59 [notice] 23#23: exit
2025/07/01 05:46:59 [notice] 29#29: exit
2025/07/01 05:46:59 [notice] 1#1: signal 17 (SIGCHLD) received from 31
2025/07/01 05:46:59 [notice] 1#1: worker process 31 exited with code 0
2025/07/01 05:46:59 [notice] 1#1: worker process 36 exited with code 0
2025/07/01 05:46:59 [notice] 1#1: signal 29 (SIGIO) received
2025/07/01 05:46:59 [notice] 1#1: signal 17 (SIGCHLD) received from 32
2025/07/01 05:46:59 [notice] 1#1: worker process 21 exited with code 0
2025/07/01 05:46:59 [notice] 1#1: worker process 25 exited with code 0
2025/07/01 05:46:59 [notice] 1#1: worker process 26 exited with code 0
2025/07/01 05:46:59 [notice] 1#1: worker process 27 exited with code 0
2025/07/01 05:46:59 [notice] 1#1: worker process 29 exited with code 0
2025/07/01 05:46:59 [notice] 1#1: worker process 30 exited with code 0
2025/07/01 05:46:59 [notice] 1#1: worker process 32 exited with code 0
2025/07/01 05:46:59 [notice] 1#1: worker process 33 exited with code 0
2025/07/01 05:46:59 [notice] 1#1: worker process 34 exited with code 0
2025/07/01 05:46:59 [notice] 1#1: worker process 35 exited with code 0
2025/07/01 05:46:59 [notice] 1#1: signal 29 (SIGIO) received
2025/07/01 05:46:59 [notice] 1#1: signal 17 (SIGCHLD) received from 35
2025/07/01 05:46:59 [notice] 1#1: signal 17 (SIGCHLD) received from 28
2025/07/01 05:46:59 [notice] 1#1: worker process 28 exited with code 0
2025/07/01 05:46:59 [notice] 1#1: signal 29 (SIGIO) received
2025/07/01 05:46:59 [notice] 1#1: signal 17 (SIGCHLD) received from 24
2025/07/01 05:46:59 [notice] 1#1: worker process 24 exited with code 0
2025/07/01 05:46:59 [notice] 1#1: signal 29 (SIGIO) received
2025/07/01 05:46:59 [notice] 1#1: signal 17 (SIGCHLD) received from 22
2025/07/01 05:46:59 [notice] 1#1: worker process 22 exited with code 0
2025/07/01 05:46:59 [notice] 1#1: worker process 23 exited with code 0
2025/07/01 05:46:59 [notice] 1#1: exit
2025/07/01 05:55:46 [notice] 1#1: using the "epoll" event method
2025/07/01 05:55:46 [notice] 1#1: nginx/1.25.2
2025/07/01 05:55:46 [notice] 1#1: built by gcc 12.2.1 20220924 (Alpine 12.2.1_git20220924-r10) 
2025/07/01 05:55:46 [notice] 1#1: OS: Linux 5.10.16.3-microsoft-standard-WSL2
2025/07/01 05:55:46 [notice] 1#1: getrlimit(RLIMIT_NOFILE): 1048576:1048576
2025/07/01 05:55:46 [notice] 1#1: start worker processes
2025/07/01 05:55:46 [notice] 1#1: start worker process 20
2025/07/01 05:55:46 [notice] 1#1: start worker process 21
2025/07/01 05:55:46 [notice] 1#1: start worker process 22
2025/07/01 05:55:46 [notice] 1#1: start worker process 23
2025/07/01 05:55:46 [notice] 1#1: start worker process 24
2025/07/01 05:55:46 [notice] 1#1: start worker process 25
2025/07/01 05:55:46 [notice] 1#1: start worker process 26
2025/07/01 05:55:46 [notice] 1#1: start worker process 27
2025/07/01 05:55:46 [notice] 1#1: start worker process 28
2025/07/01 05:55:46 [notice] 1#1: start worker process 29
2025/07/01 05:55:46 [notice] 1#1: start worker process 30
2025/07/01 05:55:46 [notice] 1#1: start worker process 31
2025/07/01 05:55:46 [notice] 1#1: start worker process 32
2025/07/01 05:55:46 [notice] 1#1: start worker process 33
2025/07/01 05:55:46 [notice] 1#1: start worker process 34
2025/07/01 05:55:46 [notice] 1#1: start worker process 35
2025/07/01 06:44:11 [notice] 1#1: signal 3 (SIGQUIT) received, shutting down
2025/07/01 06:44:11 [notice] 23#23: gracefully shutting down
2025/07/01 06:44:11 [notice] 23#23: exiting
2025/07/01 06:44:11 [notice] 24#24: gracefully shutting down
2025/07/01 06:44:11 [notice] 25#25: gracefully shutting down
2025/07/01 06:44:11 [notice] 23#23: exit
2025/07/01 06:44:11 [notice] 24#24: exiting
2025/07/01 06:44:11 [notice] 29#29: gracefully shutting down
2025/07/01 06:44:11 [notice] 30#30: gracefully shutting down
2025/07/01 06:44:11 [notice] 30#30: exiting
2025/07/01 06:44:11 [notice] 31#31: gracefully shutting down
2025/07/01 06:44:11 [notice] 34#34: gracefully shutting down
2025/07/01 06:44:11 [notice] 32#32: gracefully shutting down
2025/07/01 06:44:11 [notice] 24#24: exit
2025/07/01 06:44:11 [notice] 35#35: gracefully shutting down
2025/07/01 06:44:11 [notice] 31#31: exiting
2025/07/01 06:44:11 [notice] 30#30: exit
2025/07/01 06:44:11 [notice] 34#34: exiting
2025/07/01 06:44:11 [notice] 34#34: exit
2025/07/01 06:44:11 [notice] 27#27: gracefully shutting down
2025/07/01 06:44:11 [notice] 21#21: gracefully shutting down
2025/07/01 06:44:11 [notice] 22#22: gracefully shutting down
2025/07/01 06:44:11 [notice] 33#33: gracefully shutting down
2025/07/01 06:44:11 [notice] 26#26: gracefully shutting down
2025/07/01 06:44:11 [notice] 28#28: gracefully shutting down
2025/07/01 06:44:11 [notice] 32#32: exiting
2025/07/01 06:44:11 [notice] 35#35: exiting
2025/07/01 06:44:11 [notice] 31#31: exit
2025/07/01 06:44:11 [notice] 25#25: exiting
2025/07/01 06:44:11 [notice] 20#20: gracefully shutting down
2025/07/01 06:44:11 [notice] 28#28: exiting
2025/07/01 06:44:11 [notice] 29#29: exiting
2025/07/01 06:44:11 [notice] 21#21: exiting
2025/07/01 06:44:11 [notice] 27#27: exiting
2025/07/01 06:44:11 [notice] 32#32: exit
2025/07/01 06:44:11 [notice] 27#27: exit
2025/07/01 06:44:11 [notice] 35#35: exit
2025/07/01 06:44:11 [notice] 26#26: exiting
2025/07/01 06:44:11 [notice] 33#33: exiting
2025/07/01 06:44:11 [notice] 22#22: exiting
2025/07/01 06:44:11 [notice] 25#25: exit
2025/07/01 06:44:11 [notice] 28#28: exit
2025/07/01 06:44:11 [notice] 29#29: exit
2025/07/01 06:44:11 [notice] 21#21: exit
2025/07/01 06:44:11 [notice] 20#20: exiting
2025/07/01 06:44:11 [notice] 26#26: exit
2025/07/01 06:44:11 [notice] 33#33: exit
2025/07/01 06:44:11 [notice] 22#22: exit
2025/07/01 06:44:11 [notice] 20#20: exit
2025/07/01 06:44:12 [notice] 1#1: signal 17 (SIGCHLD) received from 28
2025/07/01 06:44:12 [notice] 1#1: worker process 21 exited with code 0
2025/07/01 06:44:12 [notice] 1#1: worker process 28 exited with code 0
2025/07/01 06:44:12 [notice] 1#1: signal 29 (SIGIO) received
2025/07/01 06:44:12 [notice] 1#1: signal 17 (SIGCHLD) received from 35
2025/07/01 06:44:12 [notice] 1#1: worker process 22 exited with code 0
2025/07/01 06:44:12 [notice] 1#1: worker process 23 exited with code 0
2025/07/01 06:44:12 [notice] 1#1: worker process 24 exited with code 0
2025/07/01 06:44:12 [notice] 1#1: worker process 26 exited with code 0
2025/07/01 06:44:12 [notice] 1#1: worker process 27 exited with code 0
2025/07/01 06:44:12 [notice] 1#1: worker process 29 exited with code 0
2025/07/01 06:44:12 [notice] 1#1: worker process 30 exited with code 0
2025/07/01 06:44:12 [notice] 1#1: worker process 31 exited with code 0
2025/07/01 06:44:12 [notice] 1#1: worker process 33 exited with code 0
2025/07/01 06:44:12 [notice] 1#1: worker process 34 exited with code 0
2025/07/01 06:44:12 [notice] 1#1: worker process 35 exited with code 0
2025/07/01 06:44:12 [notice] 1#1: signal 29 (SIGIO) received
2025/07/01 06:44:12 [notice] 1#1: signal 17 (SIGCHLD) received from 22
2025/07/01 06:44:12 [notice] 1#1: signal 17 (SIGCHLD) received from 32
2025/07/01 06:44:12 [notice] 1#1: worker process 20 exited with code 0
2025/07/01 06:44:12 [notice] 1#1: worker process 25 exited with code 0
2025/07/01 06:44:12 [notice] 1#1: worker process 32 exited with code 0
2025/07/01 06:44:12 [notice] 1#1: exit
2025/07/01 07:40:45 [notice] 1#1: using the "epoll" event method
2025/07/01 07:40:45 [notice] 1#1: nginx/1.25.2
2025/07/01 07:40:45 [notice] 1#1: built by gcc 12.2.1 20220924 (Alpine 12.2.1_git20220924-r10) 
2025/07/01 07:40:45 [notice] 1#1: OS: Linux 5.10.16.3-microsoft-standard-WSL2
2025/07/01 07:40:45 [notice] 1#1: getrlimit(RLIMIT_NOFILE): 1048576:1048576
2025/07/01 07:40:45 [notice] 1#1: start worker processes
2025/07/01 07:40:45 [notice] 1#1: start worker process 20
2025/07/01 07:40:45 [notice] 1#1: start worker process 21
2025/07/01 07:40:45 [notice] 1#1: start worker process 22
2025/07/01 07:40:45 [notice] 1#1: start worker process 23
2025/07/01 07:40:45 [notice] 1#1: start worker process 24
2025/07/01 07:40:45 [notice] 1#1: start worker process 25
2025/07/01 07:40:45 [notice] 1#1: start worker process 26
2025/07/01 07:40:45 [notice] 1#1: start worker process 27
2025/07/01 07:40:45 [notice] 1#1: start worker process 28
2025/07/01 07:40:45 [notice] 1#1: start worker process 29
2025/07/01 07:40:45 [notice] 1#1: start worker process 30
2025/07/01 07:40:45 [notice] 1#1: start worker process 31
2025/07/01 07:40:45 [notice] 1#1: start worker process 32
2025/07/01 07:40:45 [notice] 1#1: start worker process 33
2025/07/01 07:40:45 [notice] 1#1: start worker process 34
2025/07/01 07:40:45 [notice] 1#1: start worker process 35
2025/07/01 10:53:07 [notice] 1#1: signal 3 (SIGQUIT) received, shutting down
2025/07/01 10:53:07 [notice] 31#31: gracefully shutting down
2025/07/01 10:53:07 [notice] 31#31: exiting
2025/07/01 10:53:07 [notice] 27#27: gracefully shutting down
2025/07/01 10:53:07 [notice] 31#31: exit
2025/07/01 10:53:07 [notice] 27#27: exiting
2025/07/01 10:53:07 [notice] 27#27: exit
2025/07/01 10:53:07 [notice] 25#25: gracefully shutting down
2025/07/01 10:53:07 [notice] 24#24: gracefully shutting down
2025/07/01 10:53:07 [notice] 23#23: gracefully shutting down
2025/07/01 10:53:07 [notice] 25#25: exiting
2025/07/01 10:53:07 [notice] 25#25: exit
2025/07/01 10:53:07 [notice] 23#23: exiting
2025/07/01 10:53:07 [notice] 23#23: exit
2025/07/01 10:53:07 [notice] 34#34: gracefully shutting down
2025/07/01 10:53:07 [notice] 32#32: gracefully shutting down
2025/07/01 10:53:07 [notice] 35#35: gracefully shutting down
2025/07/01 10:53:07 [notice] 26#26: gracefully shutting down
2025/07/01 10:53:07 [notice] 22#22: gracefully shutting down
2025/07/01 10:53:07 [notice] 34#34: exiting
2025/07/01 10:53:07 [notice] 21#21: gracefully shutting down
2025/07/01 10:53:07 [notice] 20#20: gracefully shutting down
2025/07/01 10:53:07 [notice] 30#30: gracefully shutting down
2025/07/01 10:53:07 [notice] 33#33: gracefully shutting down
2025/07/01 10:53:07 [notice] 22#22: exiting
2025/07/01 10:53:07 [notice] 28#28: gracefully shutting down
2025/07/01 10:53:07 [notice] 29#29: gracefully shutting down
2025/07/01 10:53:07 [notice] 24#24: exiting
2025/07/01 10:53:07 [notice] 32#32: exiting
2025/07/01 10:53:07 [notice] 35#35: exiting
2025/07/01 10:53:07 [notice] 26#26: exiting
2025/07/01 10:53:07 [notice] 34#34: exit
2025/07/01 10:53:07 [notice] 21#21: exiting
2025/07/01 10:53:07 [notice] 33#33: exiting
2025/07/01 10:53:07 [notice] 22#22: exit
2025/07/01 10:53:07 [notice] 29#29: exiting
2025/07/01 10:53:07 [notice] 30#30: exiting
2025/07/01 10:53:07 [notice] 28#28: exiting
2025/07/01 10:53:07 [notice] 20#20: exiting
2025/07/01 10:53:07 [notice] 24#24: exit
2025/07/01 10:53:07 [notice] 32#32: exit
2025/07/01 10:53:07 [notice] 35#35: exit
2025/07/01 10:53:07 [notice] 26#26: exit
2025/07/01 10:53:07 [notice] 21#21: exit
2025/07/01 10:53:07 [notice] 33#33: exit
2025/07/01 10:53:07 [notice] 28#28: exit
2025/07/01 10:53:07 [notice] 30#30: exit
2025/07/01 10:53:07 [notice] 20#20: exit
2025/07/01 10:53:07 [notice] 29#29: exit
2025/07/01 10:53:07 [notice] 1#1: signal 17 (SIGCHLD) received from 23
2025/07/01 10:53:07 [notice] 1#1: worker process 23 exited with code 0
2025/07/01 10:53:07 [notice] 1#1: worker process 27 exited with code 0
2025/07/01 10:53:07 [notice] 1#1: worker process 31 exited with code 0
2025/07/01 10:53:07 [notice] 1#1: signal 29 (SIGIO) received
2025/07/01 10:53:07 [notice] 1#1: signal 17 (SIGCHLD) received from 34
2025/07/01 10:53:07 [notice] 1#1: worker process 25 exited with code 0
2025/07/01 10:53:07 [notice] 1#1: worker process 29 exited with code 0
2025/07/01 10:53:07 [notice] 1#1: worker process 33 exited with code 0
2025/07/01 10:53:07 [notice] 1#1: worker process 34 exited with code 0
2025/07/01 10:53:07 [notice] 1#1: signal 29 (SIGIO) received
2025/07/01 10:53:07 [notice] 1#1: signal 17 (SIGCHLD) received from 33
2025/07/01 10:53:07 [notice] 1#1: signal 17 (SIGCHLD) received from 30
2025/07/01 10:53:07 [notice] 1#1: worker process 20 exited with code 0
2025/07/01 10:53:07 [notice] 1#1: worker process 21 exited with code 0
2025/07/01 10:53:07 [notice] 1#1: worker process 22 exited with code 0
2025/07/01 10:53:07 [notice] 1#1: worker process 24 exited with code 0
2025/07/01 10:53:07 [notice] 1#1: worker process 26 exited with code 0
2025/07/01 10:53:07 [notice] 1#1: worker process 30 exited with code 0
2025/07/01 10:53:07 [notice] 1#1: worker process 32 exited with code 0
2025/07/01 10:53:07 [notice] 1#1: worker process 35 exited with code 0
2025/07/01 10:53:07 [notice] 1#1: signal 29 (SIGIO) received
2025/07/01 10:53:07 [notice] 1#1: signal 17 (SIGCHLD) received from 35
2025/07/01 10:53:07 [notice] 1#1: signal 17 (SIGCHLD) received from 28
2025/07/01 10:53:07 [notice] 1#1: worker process 28 exited with code 0
2025/07/01 10:53:07 [notice] 1#1: exit
2025/07/01 13:08:09 [notice] 1#1: using the "epoll" event method
2025/07/01 13:08:09 [notice] 1#1: nginx/1.25.2
2025/07/01 13:08:09 [notice] 1#1: built by gcc 12.2.1 20220924 (Alpine 12.2.1_git20220924-r10) 
2025/07/01 13:08:09 [notice] 1#1: OS: Linux 5.10.16.3-microsoft-standard-WSL2
2025/07/01 13:08:09 [notice] 1#1: getrlimit(RLIMIT_NOFILE): 1048576:1048576
2025/07/01 13:08:09 [notice] 1#1: start worker processes
2025/07/01 13:08:09 [notice] 1#1: start worker process 20
2025/07/01 13:08:09 [notice] 1#1: start worker process 21
2025/07/01 13:08:09 [notice] 1#1: start worker process 22
2025/07/01 13:08:09 [notice] 1#1: start worker process 23
2025/07/01 13:08:09 [notice] 1#1: start worker process 24
2025/07/01 13:08:09 [notice] 1#1: start worker process 25
2025/07/01 13:08:09 [notice] 1#1: start worker process 26
2025/07/01 13:08:09 [notice] 1#1: start worker process 27
2025/07/01 13:08:09 [notice] 1#1: start worker process 28
2025/07/01 13:08:09 [notice] 1#1: start worker process 29
2025/07/01 13:08:09 [notice] 1#1: start worker process 30
2025/07/01 13:08:09 [notice] 1#1: start worker process 31
2025/07/01 13:08:09 [notice] 1#1: start worker process 32
2025/07/01 13:08:09 [notice] 1#1: start worker process 33
2025/07/01 13:08:09 [notice] 1#1: start worker process 34
2025/07/01 13:08:09 [notice] 1#1: start worker process 35
2025/07/01 13:29:55 [notice] 1#1: signal 3 (SIGQUIT) received, shutting down
2025/07/01 13:29:55 [notice] 21#21: gracefully shutting down
2025/07/01 13:29:55 [notice] 25#25: gracefully shutting down
2025/07/01 13:29:55 [notice] 30#30: gracefully shutting down
2025/07/01 13:29:55 [notice] 24#24: gracefully shutting down
2025/07/01 13:29:55 [notice] 24#24: exiting
2025/07/01 13:29:55 [notice] 22#22: gracefully shutting down
2025/07/01 13:29:55 [notice] 20#20: gracefully shutting down
2025/07/01 13:29:55 [notice] 23#23: gracefully shutting down
2025/07/01 13:29:55 [notice] 26#26: gracefully shutting down
2025/07/01 13:29:55 [notice] 29#29: gracefully shutting down
2025/07/01 13:29:55 [notice] 28#28: gracefully shutting down
2025/07/01 13:29:55 [notice] 20#20: exiting
2025/07/01 13:29:55 [notice] 35#35: gracefully shutting down
2025/07/01 13:29:55 [notice] 31#31: gracefully shutting down
2025/07/01 13:29:55 [notice] 21#21: exiting
2025/07/01 13:29:55 [notice] 27#27: gracefully shutting down
2025/07/01 13:29:55 [notice] 25#25: exiting
2025/07/01 13:29:55 [notice] 32#32: gracefully shutting down
2025/07/01 13:29:55 [notice] 34#34: gracefully shutting down
2025/07/01 13:29:55 [notice] 33#33: gracefully shutting down
2025/07/01 13:29:55 [notice] 27#27: exiting
2025/07/01 13:29:55 [notice] 30#30: exiting
2025/07/01 13:29:55 [notice] 23#23: exiting
2025/07/01 13:29:55 [notice] 22#22: exiting
2025/07/01 13:29:55 [notice] 26#26: exiting
2025/07/01 13:29:55 [notice] 29#29: exiting
2025/07/01 13:29:55 [notice] 31#31: exiting
2025/07/01 13:29:55 [notice] 35#35: exiting
2025/07/01 13:29:55 [notice] 28#28: exiting
2025/07/01 13:29:55 [notice] 24#24: exit
2025/07/01 13:29:55 [notice] 21#21: exit
2025/07/01 13:29:55 [notice] 20#20: exit
2025/07/01 13:29:55 [notice] 25#25: exit
2025/07/01 13:29:55 [notice] 30#30: exit
2025/07/01 13:29:55 [notice] 27#27: exit
2025/07/01 13:29:55 [notice] 34#34: exiting
2025/07/01 13:29:55 [notice] 32#32: exiting
2025/07/01 13:29:55 [notice] 26#26: exit
2025/07/01 13:29:55 [notice] 29#29: exit
2025/07/01 13:29:55 [notice] 23#23: exit
2025/07/01 13:29:55 [notice] 31#31: exit
2025/07/01 13:29:55 [notice] 22#22: exit
2025/07/01 13:29:55 [notice] 35#35: exit
2025/07/01 13:29:55 [notice] 33#33: exiting
2025/07/01 13:29:55 [notice] 28#28: exit
2025/07/01 13:29:55 [notice] 33#33: exit
2025/07/01 13:29:55 [notice] 34#34: exit
2025/07/01 13:29:55 [notice] 32#32: exit
2025/07/01 13:29:55 [notice] 1#1: signal 17 (SIGCHLD) received from 22
2025/07/01 13:29:55 [notice] 1#1: worker process 20 exited with code 0
2025/07/01 13:29:55 [notice] 1#1: worker process 22 exited with code 0
2025/07/01 13:29:55 [notice] 1#1: worker process 26 exited with code 0
2025/07/01 13:29:55 [notice] 1#1: worker process 28 exited with code 0
2025/07/01 13:29:55 [notice] 1#1: worker process 32 exited with code 0
2025/07/01 13:29:55 [notice] 1#1: worker process 33 exited with code 0
2025/07/01 13:29:55 [notice] 1#1: worker process 34 exited with code 0
2025/07/01 13:29:55 [notice] 1#1: signal 29 (SIGIO) received
2025/07/01 13:29:55 [notice] 1#1: signal 17 (SIGCHLD) received from 26
2025/07/01 13:29:55 [notice] 1#1: signal 17 (SIGCHLD) received from 30
2025/07/01 13:29:55 [notice] 1#1: worker process 24 exited with code 0
2025/07/01 13:29:55 [notice] 1#1: worker process 25 exited with code 0
2025/07/01 13:29:55 [notice] 1#1: worker process 30 exited with code 0
2025/07/01 13:29:55 [notice] 1#1: worker process 35 exited with code 0
2025/07/01 13:29:55 [notice] 1#1: signal 29 (SIGIO) received
2025/07/01 13:29:55 [notice] 1#1: signal 17 (SIGCHLD) received from 24
2025/07/01 13:29:55 [notice] 1#1: signal 17 (SIGCHLD) received from 31
2025/07/01 13:29:55 [notice] 1#1: worker process 21 exited with code 0
2025/07/01 13:29:55 [notice] 1#1: worker process 23 exited with code 0
2025/07/01 13:29:55 [notice] 1#1: worker process 27 exited with code 0
2025/07/01 13:29:55 [notice] 1#1: worker process 29 exited with code 0
2025/07/01 13:29:55 [notice] 1#1: worker process 31 exited with code 0
2025/07/01 13:29:55 [notice] 1#1: exit
2025/07/10 20:31:08 [notice] 1#1: using the "epoll" event method
2025/07/10 20:31:08 [notice] 1#1: nginx/1.25.2
2025/07/10 20:31:08 [notice] 1#1: built by gcc 12.2.1 20220924 (Alpine 12.2.1_git20220924-r10) 
2025/07/10 20:31:08 [notice] 1#1: OS: Linux 5.10.16.3-microsoft-standard-WSL2
2025/07/10 20:31:08 [notice] 1#1: getrlimit(RLIMIT_NOFILE): 1048576:1048576
2025/07/10 20:31:08 [notice] 1#1: start worker processes
2025/07/10 20:31:08 [notice] 1#1: start worker process 20
2025/07/10 20:31:08 [notice] 1#1: start worker process 21
2025/07/10 20:31:08 [notice] 1#1: start worker process 22
2025/07/10 20:31:08 [notice] 1#1: start worker process 23
2025/07/10 20:31:08 [notice] 1#1: start worker process 24
2025/07/10 20:31:08 [notice] 1#1: start worker process 25
2025/07/10 20:31:08 [notice] 1#1: start worker process 26
2025/07/10 20:31:08 [notice] 1#1: start worker process 27
2025/07/10 20:31:08 [notice] 1#1: start worker process 28
2025/07/10 20:31:08 [notice] 1#1: start worker process 29
2025/07/10 20:31:08 [notice] 1#1: start worker process 30
2025/07/10 20:31:08 [notice] 1#1: start worker process 31
2025/07/10 20:31:08 [notice] 1#1: start worker process 32
2025/07/10 20:31:08 [notice] 1#1: start worker process 33
2025/07/10 20:31:08 [notice] 1#1: start worker process 34
2025/07/10 20:31:08 [notice] 1#1: start worker process 35
2025/07/10 20:37:33 [notice] 1#1: signal 3 (SIGQUIT) received, shutting down
2025/07/10 20:37:33 [notice] 25#25: gracefully shutting down
2025/07/10 20:37:33 [notice] 23#23: gracefully shutting down
2025/07/10 20:37:33 [notice] 35#35: gracefully shutting down
2025/07/10 20:37:33 [notice] 24#24: gracefully shutting down
2025/07/10 20:37:33 [notice] 35#35: exiting
2025/07/10 20:37:33 [notice] 20#20: gracefully shutting down
2025/07/10 20:37:33 [notice] 21#21: gracefully shutting down
2025/07/10 20:37:33 [notice] 27#27: gracefully shutting down
2025/07/10 20:37:33 [notice] 30#30: gracefully shutting down
2025/07/10 20:37:33 [notice] 31#31: gracefully shutting down
2025/07/10 20:37:33 [notice] 31#31: exiting
2025/07/10 20:37:33 [notice] 26#26: gracefully shutting down
2025/07/10 20:37:33 [notice] 29#29: gracefully shutting down
2025/07/10 20:37:33 [notice] 23#23: exiting
2025/07/10 20:37:33 [notice] 33#33: gracefully shutting down
2025/07/10 20:37:33 [notice] 24#24: exiting
2025/07/10 20:37:33 [notice] 28#28: gracefully shutting down
2025/07/10 20:37:33 [notice] 28#28: exiting
2025/07/10 20:37:33 [notice] 22#22: gracefully shutting down
2025/07/10 20:37:33 [notice] 32#32: gracefully shutting down
2025/07/10 20:37:33 [notice] 34#34: gracefully shutting down
2025/07/10 20:37:33 [notice] 35#35: exit
2025/07/10 20:37:33 [notice] 25#25: exiting
2025/07/10 20:37:33 [notice] 20#20: exiting
2025/07/10 20:37:33 [notice] 25#25: exit
2025/07/10 20:37:33 [notice] 21#21: exiting
2025/07/10 20:37:33 [notice] 27#27: exiting
2025/07/10 20:37:33 [notice] 30#30: exiting
2025/07/10 20:37:33 [notice] 21#21: exit
2025/07/10 20:37:33 [notice] 31#31: exit
2025/07/10 20:37:33 [notice] 29#29: exiting
2025/07/10 20:37:33 [notice] 33#33: exiting
2025/07/10 20:37:33 [notice] 24#24: exit
2025/07/10 20:37:33 [notice] 33#33: exit
2025/07/10 20:37:33 [notice] 26#26: exiting
2025/07/10 20:37:33 [notice] 23#23: exit
2025/07/10 20:37:33 [notice] 28#28: exit
2025/07/10 20:37:33 [notice] 32#32: exiting
2025/07/10 20:37:33 [notice] 34#34: exiting
2025/07/10 20:37:33 [notice] 20#20: exit
2025/07/10 20:37:33 [notice] 22#22: exiting
2025/07/10 20:37:33 [notice] 27#27: exit
2025/07/10 20:37:33 [notice] 22#22: exit
2025/07/10 20:37:33 [notice] 30#30: exit
2025/07/10 20:37:33 [notice] 29#29: exit
2025/07/10 20:37:33 [notice] 26#26: exit
2025/07/10 20:37:33 [notice] 32#32: exit
2025/07/10 20:37:33 [notice] 34#34: exit
2025/07/10 20:37:34 [notice] 1#1: signal 17 (SIGCHLD) received from 27
2025/07/10 20:37:34 [notice] 1#1: worker process 20 exited with code 0
2025/07/10 20:37:34 [notice] 1#1: worker process 24 exited with code 0
2025/07/10 20:37:34 [notice] 1#1: worker process 25 exited with code 0
2025/07/10 20:37:34 [notice] 1#1: worker process 26 exited with code 0
2025/07/10 20:37:34 [notice] 1#1: worker process 27 exited with code 0
2025/07/10 20:37:34 [notice] 1#1: worker process 29 exited with code 0
2025/07/10 20:37:34 [notice] 1#1: worker process 33 exited with code 0
2025/07/10 20:37:34 [notice] 1#1: worker process 35 exited with code 0
2025/07/10 20:37:34 [notice] 1#1: signal 29 (SIGIO) received
2025/07/10 20:37:34 [notice] 1#1: signal 17 (SIGCHLD) received from 26
2025/07/10 20:37:34 [notice] 1#1: signal 17 (SIGCHLD) received from 31
2025/07/10 20:37:34 [notice] 1#1: worker process 22 exited with code 0
2025/07/10 20:37:34 [notice] 1#1: worker process 23 exited with code 0
2025/07/10 20:37:34 [notice] 1#1: worker process 31 exited with code 0
2025/07/10 20:37:34 [notice] 1#1: worker process 32 exited with code 0
2025/07/10 20:37:34 [notice] 1#1: worker process 34 exited with code 0
2025/07/10 20:37:34 [notice] 1#1: signal 29 (SIGIO) received
2025/07/10 20:37:34 [notice] 1#1: signal 17 (SIGCHLD) received from 22
2025/07/10 20:37:34 [notice] 1#1: signal 17 (SIGCHLD) received from 21
2025/07/10 20:37:34 [notice] 1#1: worker process 21 exited with code 0
2025/07/10 20:37:34 [notice] 1#1: worker process 28 exited with code 0
2025/07/10 20:37:34 [notice] 1#1: worker process 30 exited with code 0
2025/07/10 20:37:34 [notice] 1#1: exit
2025/07/13 03:53:47 [notice] 1#1: using the "epoll" event method
2025/07/13 03:53:47 [notice] 1#1: nginx/1.25.2
2025/07/13 03:53:47 [notice] 1#1: built by gcc 12.2.1 20220924 (Alpine 12.2.1_git20220924-r10) 
2025/07/13 03:53:47 [notice] 1#1: OS: Linux 5.10.16.3-microsoft-standard-WSL2
2025/07/13 03:53:47 [notice] 1#1: getrlimit(RLIMIT_NOFILE): 1048576:1048576
2025/07/13 03:53:47 [notice] 1#1: start worker processes
2025/07/13 03:53:47 [notice] 1#1: start worker process 20
2025/07/13 03:53:47 [notice] 1#1: start worker process 21
2025/07/13 03:53:47 [notice] 1#1: start worker process 22
2025/07/13 03:53:47 [notice] 1#1: start worker process 23
2025/07/13 03:53:47 [notice] 1#1: start worker process 24
2025/07/13 03:53:47 [notice] 1#1: start worker process 25
2025/07/13 03:53:47 [notice] 1#1: start worker process 26
2025/07/13 03:53:47 [notice] 1#1: start worker process 27
2025/07/13 03:53:47 [notice] 1#1: start worker process 28
2025/07/13 03:53:47 [notice] 1#1: start worker process 29
2025/07/13 03:53:47 [notice] 1#1: start worker process 30
2025/07/13 03:53:47 [notice] 1#1: start worker process 31
2025/07/13 03:53:47 [notice] 1#1: start worker process 32
2025/07/13 03:53:47 [notice] 1#1: start worker process 33
2025/07/13 03:53:47 [notice] 1#1: start worker process 34
2025/07/13 03:53:47 [notice] 1#1: start worker process 35
2025/07/13 05:06:37 [notice] 1#1: signal 3 (SIGQUIT) received, shutting down
2025/07/13 05:06:37 [notice] 21#21: gracefully shutting down
2025/07/13 05:06:37 [notice] 25#25: gracefully shutting down
2025/07/13 05:06:37 [notice] 22#22: gracefully shutting down
2025/07/13 05:06:37 [notice] 20#20: gracefully shutting down
2025/07/13 05:06:37 [notice] 31#31: gracefully shutting down
2025/07/13 05:06:37 [notice] 24#24: gracefully shutting down
2025/07/13 05:06:37 [notice] 32#32: gracefully shutting down
2025/07/13 05:06:37 [notice] 30#30: gracefully shutting down
2025/07/13 05:06:37 [notice] 28#28: gracefully shutting down
2025/07/13 05:06:37 [notice] 27#27: gracefully shutting down
2025/07/13 05:06:37 [notice] 26#26: gracefully shutting down
2025/07/13 05:06:37 [notice] 33#33: gracefully shutting down
2025/07/13 05:06:37 [notice] 26#26: exiting
2025/07/13 05:06:37 [notice] 35#35: gracefully shutting down
2025/07/13 05:06:37 [notice] 27#27: exiting
2025/07/13 05:06:37 [notice] 33#33: exiting
2025/07/13 05:06:37 [notice] 35#35: exiting
2025/07/13 05:06:37 [notice] 33#33: exit
2025/07/13 05:06:37 [notice] 27#27: exit
2025/07/13 05:06:37 [notice] 34#34: gracefully shutting down
2025/07/13 05:06:37 [notice] 23#23: gracefully shutting down
2025/07/13 05:06:37 [notice] 29#29: gracefully shutting down
2025/07/13 05:06:37 [notice] 21#21: exiting
2025/07/13 05:06:37 [notice] 21#21: exit
2025/07/13 05:06:37 [notice] 25#25: exiting
2025/07/13 05:06:37 [notice] 31#31: exiting
2025/07/13 05:06:37 [notice] 22#22: exiting
2025/07/13 05:06:37 [notice] 24#24: exiting
2025/07/13 05:06:37 [notice] 24#24: exit
2025/07/13 05:06:37 [notice] 20#20: exiting
2025/07/13 05:06:37 [notice] 32#32: exiting
2025/07/13 05:06:37 [notice] 28#28: exiting
2025/07/13 05:06:37 [notice] 32#32: exit
2025/07/13 05:06:37 [notice] 30#30: exiting
2025/07/13 05:06:37 [notice] 26#26: exit
2025/07/13 05:06:37 [notice] 35#35: exit
2025/07/13 05:06:37 [notice] 34#34: exiting
2025/07/13 05:06:37 [notice] 34#34: exit
2025/07/13 05:06:37 [notice] 23#23: exiting
2025/07/13 05:06:37 [notice] 25#25: exit
2025/07/13 05:06:37 [notice] 29#29: exiting
2025/07/13 05:06:37 [notice] 31#31: exit
2025/07/13 05:06:37 [notice] 22#22: exit
2025/07/13 05:06:37 [notice] 28#28: exit
2025/07/13 05:06:37 [notice] 20#20: exit
2025/07/13 05:06:37 [notice] 30#30: exit
2025/07/13 05:06:37 [notice] 23#23: exit
2025/07/13 05:06:37 [notice] 29#29: exit
2025/07/13 05:06:37 [notice] 1#1: signal 17 (SIGCHLD) received from 20
2025/07/13 05:06:37 [notice] 1#1: worker process 20 exited with code 0
2025/07/13 05:06:37 [notice] 1#1: worker process 24 exited with code 0
2025/07/13 05:06:37 [notice] 1#1: worker process 33 exited with code 0
2025/07/13 05:06:37 [notice] 1#1: signal 29 (SIGIO) received
2025/07/13 05:06:37 [notice] 1#1: signal 17 (SIGCHLD) received from 24
2025/07/13 05:06:37 [notice] 1#1: signal 17 (SIGCHLD) received from 27
2025/07/13 05:06:37 [notice] 1#1: worker process 21 exited with code 0
2025/07/13 05:06:37 [notice] 1#1: worker process 22 exited with code 0
2025/07/13 05:06:37 [notice] 1#1: worker process 25 exited with code 0
2025/07/13 05:06:37 [notice] 1#1: worker process 27 exited with code 0
2025/07/13 05:06:37 [notice] 1#1: worker process 30 exited with code 0
2025/07/13 05:06:37 [notice] 1#1: worker process 32 exited with code 0
2025/07/13 05:06:37 [notice] 1#1: signal 29 (SIGIO) received
2025/07/13 05:06:37 [notice] 1#1: signal 17 (SIGCHLD) received from 30
2025/07/13 05:06:37 [notice] 1#1: signal 17 (SIGCHLD) received from 34
2025/07/13 05:06:37 [notice] 1#1: worker process 23 exited with code 0
2025/07/13 05:06:37 [notice] 1#1: worker process 26 exited with code 0
2025/07/13 05:06:37 [notice] 1#1: worker process 28 exited with code 0
2025/07/13 05:06:37 [notice] 1#1: worker process 34 exited with code 0
2025/07/13 05:06:37 [notice] 1#1: worker process 35 exited with code 0
2025/07/13 05:06:37 [notice] 1#1: signal 29 (SIGIO) received
2025/07/13 05:06:37 [notice] 1#1: signal 17 (SIGCHLD) received from 23
2025/07/13 05:06:37 [notice] 1#1: signal 17 (SIGCHLD) received from 31
2025/07/13 05:06:37 [notice] 1#1: worker process 31 exited with code 0
2025/07/13 05:06:37 [notice] 1#1: signal 29 (SIGIO) received
2025/07/13 05:06:37 [notice] 1#1: signal 17 (SIGCHLD) received from 29
2025/07/13 05:06:37 [notice] 1#1: worker process 29 exited with code 0
2025/07/13 05:06:37 [notice] 1#1: exit
2025/07/13 06:01:35 [notice] 1#1: using the "epoll" event method
2025/07/13 06:01:35 [notice] 1#1: nginx/1.25.2
2025/07/13 06:01:35 [notice] 1#1: built by gcc 12.2.1 20220924 (Alpine 12.2.1_git20220924-r10) 
2025/07/13 06:01:35 [notice] 1#1: OS: Linux 5.10.16.3-microsoft-standard-WSL2
2025/07/13 06:01:35 [notice] 1#1: getrlimit(RLIMIT_NOFILE): 1048576:1048576
2025/07/13 06:01:35 [notice] 1#1: start worker processes
2025/07/13 06:01:35 [notice] 1#1: start worker process 20
2025/07/13 06:01:35 [notice] 1#1: start worker process 21
2025/07/13 06:01:35 [notice] 1#1: start worker process 22
2025/07/13 06:01:35 [notice] 1#1: start worker process 23
2025/07/13 06:01:35 [notice] 1#1: start worker process 24
2025/07/13 06:01:35 [notice] 1#1: start worker process 25
2025/07/13 06:01:35 [notice] 1#1: start worker process 26
2025/07/13 06:01:35 [notice] 1#1: start worker process 27
2025/07/13 06:01:35 [notice] 1#1: start worker process 28
2025/07/13 06:01:35 [notice] 1#1: start worker process 29
2025/07/13 06:01:35 [notice] 1#1: start worker process 30
2025/07/13 06:01:35 [notice] 1#1: start worker process 31
2025/07/13 06:01:35 [notice] 1#1: start worker process 32
2025/07/13 06:01:35 [notice] 1#1: start worker process 33
2025/07/13 06:01:35 [notice] 1#1: start worker process 34
2025/07/13 06:01:35 [notice] 1#1: start worker process 35
2025/07/13 15:16:22 [notice] 1#1: using the "epoll" event method
2025/07/13 15:16:22 [notice] 1#1: nginx/1.25.2
2025/07/13 15:16:22 [notice] 1#1: built by gcc 12.2.1 20220924 (Alpine 12.2.1_git20220924-r10) 
2025/07/13 15:16:22 [notice] 1#1: OS: Linux 5.10.16.3-microsoft-standard-WSL2
2025/07/13 15:16:22 [notice] 1#1: getrlimit(RLIMIT_NOFILE): 1048576:1048576
2025/07/13 15:16:22 [notice] 1#1: start worker processes
2025/07/13 15:16:22 [notice] 1#1: start worker process 20
2025/07/13 15:16:22 [notice] 1#1: start worker process 21
2025/07/13 15:16:22 [notice] 1#1: start worker process 22
2025/07/13 15:16:22 [notice] 1#1: start worker process 23
2025/07/13 15:16:22 [notice] 1#1: start worker process 24
2025/07/13 15:16:22 [notice] 1#1: start worker process 25
2025/07/13 15:16:22 [notice] 1#1: start worker process 26
2025/07/13 15:16:22 [notice] 1#1: start worker process 27
2025/07/13 15:16:22 [notice] 1#1: start worker process 28
2025/07/13 15:16:22 [notice] 1#1: start worker process 29
2025/07/13 15:16:22 [notice] 1#1: start worker process 30
2025/07/13 15:16:22 [notice] 1#1: start worker process 31
2025/07/13 15:16:22 [notice] 1#1: start worker process 32
2025/07/13 15:16:22 [notice] 1#1: start worker process 33
2025/07/13 15:16:22 [notice] 1#1: start worker process 34
2025/07/13 15:16:22 [notice] 1#1: start worker process 35
2025/07/13 16:15:16 [notice] 1#1: signal 3 (SIGQUIT) received, shutting down
2025/07/13 16:15:16 [notice] 20#20: gracefully shutting down
2025/07/13 16:15:16 [notice] 28#28: gracefully shutting down
2025/07/13 16:15:16 [notice] 32#32: gracefully shutting down
2025/07/13 16:15:16 [notice] 29#29: gracefully shutting down
2025/07/13 16:15:16 [notice] 25#25: gracefully shutting down
2025/07/13 16:15:16 [notice] 31#31: gracefully shutting down
2025/07/13 16:15:16 [notice] 26#26: gracefully shutting down
2025/07/13 16:15:16 [notice] 23#23: gracefully shutting down
2025/07/13 16:15:16 [notice] 24#24: gracefully shutting down
2025/07/13 16:15:16 [notice] 22#22: gracefully shutting down
2025/07/13 16:15:16 [notice] 20#20: exiting
2025/07/13 16:15:16 [notice] 25#25: exiting
2025/07/13 16:15:16 [notice] 35#35: gracefully shutting down
2025/07/13 16:15:16 [notice] 27#27: gracefully shutting down
2025/07/13 16:15:16 [notice] 34#34: gracefully shutting down
2025/07/13 16:15:16 [notice] 21#21: gracefully shutting down
2025/07/13 16:15:16 [notice] 22#22: exiting
2025/07/13 16:15:16 [notice] 30#30: gracefully shutting down
2025/07/13 16:15:16 [notice] 27#27: exiting
2025/07/13 16:15:16 [notice] 34#34: exiting
2025/07/13 16:15:16 [notice] 34#34: exit
2025/07/13 16:15:16 [notice] 35#35: exiting
2025/07/13 16:15:16 [notice] 33#33: gracefully shutting down
2025/07/13 16:15:16 [notice] 32#32: exiting
2025/07/13 16:15:16 [notice] 29#29: exiting
2025/07/13 16:15:16 [notice] 28#28: exiting
2025/07/13 16:15:16 [notice] 32#32: exit
2025/07/13 16:15:16 [notice] 28#28: exit
2025/07/13 16:15:16 [notice] 26#26: exiting
2025/07/13 16:15:16 [notice] 26#26: exit
2025/07/13 16:15:16 [notice] 23#23: exiting
2025/07/13 16:15:16 [notice] 23#23: exit
2025/07/13 16:15:16 [notice] 20#20: exit
2025/07/13 16:15:16 [notice] 24#24: exiting
2025/07/13 16:15:16 [notice] 25#25: exit
2025/07/13 16:15:16 [notice] 22#22: exit
2025/07/13 16:15:16 [notice] 27#27: exit
2025/07/13 16:15:16 [notice] 21#21: exiting
2025/07/13 16:15:16 [notice] 35#35: exit
2025/07/13 16:15:16 [notice] 30#30: exiting
2025/07/13 16:15:16 [notice] 29#29: exit
2025/07/13 16:15:16 [notice] 31#31: exiting
2025/07/13 16:15:16 [notice] 33#33: exiting
2025/07/13 16:15:16 [notice] 24#24: exit
2025/07/13 16:15:16 [notice] 21#21: exit
2025/07/13 16:15:16 [notice] 30#30: exit
2025/07/13 16:15:16 [notice] 31#31: exit
2025/07/13 16:15:16 [notice] 33#33: exit
2025/07/13 16:15:16 [notice] 1#1: signal 17 (SIGCHLD) received from 22
2025/07/13 16:15:16 [notice] 1#1: worker process 22 exited with code 0
2025/07/13 16:15:16 [notice] 1#1: worker process 28 exited with code 0
2025/07/13 16:15:16 [notice] 1#1: signal 29 (SIGIO) received
2025/07/13 16:15:16 [notice] 1#1: signal 17 (SIGCHLD) received from 28
2025/07/13 16:15:16 [notice] 1#1: signal 17 (SIGCHLD) received from 27
2025/07/13 16:15:16 [notice] 1#1: worker process 27 exited with code 0
2025/07/13 16:15:16 [notice] 1#1: worker process 32 exited with code 0
2025/07/13 16:15:16 [notice] 1#1: worker process 33 exited with code 0
2025/07/13 16:15:16 [notice] 1#1: signal 29 (SIGIO) received
2025/07/13 16:15:16 [notice] 1#1: signal 17 (SIGCHLD) received from 32
2025/07/13 16:15:16 [notice] 1#1: signal 17 (SIGCHLD) received from 29
2025/07/13 16:15:16 [notice] 1#1: worker process 20 exited with code 0
2025/07/13 16:15:16 [notice] 1#1: worker process 21 exited with code 0
2025/07/13 16:15:16 [notice] 1#1: worker process 23 exited with code 0
2025/07/13 16:15:16 [notice] 1#1: worker process 24 exited with code 0
2025/07/13 16:15:16 [notice] 1#1: worker process 25 exited with code 0
2025/07/13 16:15:16 [notice] 1#1: worker process 26 exited with code 0
2025/07/13 16:15:16 [notice] 1#1: worker process 29 exited with code 0
2025/07/13 16:15:16 [notice] 1#1: worker process 30 exited with code 0
2025/07/13 16:15:16 [notice] 1#1: worker process 31 exited with code 0
2025/07/13 16:15:16 [notice] 1#1: worker process 34 exited with code 0
2025/07/13 16:15:16 [notice] 1#1: worker process 35 exited with code 0
2025/07/13 16:15:16 [notice] 1#1: exit
2025/07/13 16:15:54 [notice] 1#1: using the "epoll" event method
2025/07/13 16:15:54 [notice] 1#1: nginx/1.25.2
2025/07/13 16:15:54 [notice] 1#1: built by gcc 12.2.1 20220924 (Alpine 12.2.1_git20220924-r10) 
2025/07/13 16:15:54 [notice] 1#1: OS: Linux 5.10.16.3-microsoft-standard-WSL2
2025/07/13 16:15:54 [notice] 1#1: getrlimit(RLIMIT_NOFILE): 1048576:1048576
2025/07/13 16:15:54 [notice] 1#1: start worker processes
2025/07/13 16:15:54 [notice] 1#1: start worker process 20
2025/07/13 16:15:54 [notice] 1#1: start worker process 21
2025/07/13 16:15:54 [notice] 1#1: start worker process 22
2025/07/13 16:15:54 [notice] 1#1: start worker process 23
2025/07/13 16:15:54 [notice] 1#1: start worker process 24
2025/07/13 16:15:54 [notice] 1#1: start worker process 25
2025/07/13 16:15:54 [notice] 1#1: start worker process 26
2025/07/13 16:15:54 [notice] 1#1: start worker process 27
2025/07/13 16:15:54 [notice] 1#1: start worker process 28
2025/07/13 16:15:54 [notice] 1#1: start worker process 29
2025/07/13 16:15:54 [notice] 1#1: start worker process 30
2025/07/13 16:15:54 [notice] 1#1: start worker process 31
2025/07/13 16:15:54 [notice] 1#1: start worker process 32
2025/07/13 16:15:54 [notice] 1#1: start worker process 33
2025/07/13 16:15:54 [notice] 1#1: start worker process 34
2025/07/13 16:15:54 [notice] 1#1: start worker process 35
2025/07/13 16:18:02 [notice] 1#1: signal 3 (SIGQUIT) received, shutting down
2025/07/13 16:18:02 [notice] 21#21: gracefully shutting down
2025/07/13 16:18:02 [notice] 35#35: gracefully shutting down
2025/07/13 16:18:02 [notice] 20#20: gracefully shutting down
2025/07/13 16:18:02 [notice] 23#23: gracefully shutting down
2025/07/13 16:18:02 [notice] 22#22: gracefully shutting down
2025/07/13 16:18:02 [notice] 25#25: gracefully shutting down
2025/07/13 16:18:02 [notice] 24#24: gracefully shutting down
2025/07/13 16:18:02 [notice] 27#27: gracefully shutting down
2025/07/13 16:18:02 [notice] 26#26: gracefully shutting down
2025/07/13 16:18:02 [notice] 29#29: gracefully shutting down
2025/07/13 16:18:02 [notice] 28#28: gracefully shutting down
2025/07/13 16:18:02 [notice] 30#30: gracefully shutting down
2025/07/13 16:18:02 [notice] 31#31: gracefully shutting down
2025/07/13 16:18:02 [notice] 33#33: gracefully shutting down
2025/07/13 16:18:02 [notice] 32#32: gracefully shutting down
2025/07/13 16:18:02 [notice] 34#34: gracefully shutting down
2025/07/13 16:18:02 [notice] 21#21: exiting
2025/07/13 16:18:02 [notice] 35#35: exiting
2025/07/13 16:18:02 [notice] 21#21: exit
2025/07/13 16:18:02 [notice] 20#20: exiting
2025/07/13 16:18:02 [notice] 23#23: exiting
2025/07/13 16:18:02 [notice] 22#22: exiting
2025/07/13 16:18:02 [notice] 25#25: exiting
2025/07/13 16:18:02 [notice] 24#24: exiting
2025/07/13 16:18:02 [notice] 27#27: exiting
2025/07/13 16:18:02 [notice] 26#26: exiting
2025/07/13 16:18:02 [notice] 29#29: exiting
2025/07/13 16:18:02 [notice] 28#28: exiting
2025/07/13 16:18:02 [notice] 30#30: exiting
2025/07/13 16:18:02 [notice] 31#31: exiting
2025/07/13 16:18:02 [notice] 33#33: exiting
2025/07/13 16:18:02 [notice] 32#32: exiting
2025/07/13 16:18:02 [notice] 34#34: exiting
2025/07/13 16:18:02 [notice] 35#35: exit
2025/07/13 16:18:02 [notice] 20#20: exit
2025/07/13 16:18:02 [notice] 23#23: exit
2025/07/13 16:18:02 [notice] 22#22: exit
2025/07/13 16:18:02 [notice] 25#25: exit
2025/07/13 16:18:02 [notice] 24#24: exit
2025/07/13 16:18:02 [notice] 27#27: exit
2025/07/13 16:18:02 [notice] 26#26: exit
2025/07/13 16:18:02 [notice] 29#29: exit
2025/07/13 16:18:02 [notice] 28#28: exit
2025/07/13 16:18:02 [notice] 30#30: exit
2025/07/13 16:18:02 [notice] 31#31: exit
2025/07/13 16:18:02 [notice] 33#33: exit
2025/07/13 16:18:02 [notice] 32#32: exit
2025/07/13 16:18:02 [notice] 34#34: exit
2025/07/13 16:18:02 [notice] 1#1: signal 17 (SIGCHLD) received from 27
2025/07/13 16:18:02 [notice] 1#1: worker process 25 exited with code 0
2025/07/13 16:18:02 [notice] 1#1: worker process 27 exited with code 0
2025/07/13 16:18:02 [notice] 1#1: worker process 29 exited with code 0
2025/07/13 16:18:02 [notice] 1#1: worker process 32 exited with code 0
2025/07/13 16:18:02 [notice] 1#1: signal 29 (SIGIO) received
2025/07/13 16:18:02 [notice] 1#1: signal 17 (SIGCHLD) received from 25
2025/07/13 16:18:02 [notice] 1#1: signal 17 (SIGCHLD) received from 28
2025/07/13 16:18:02 [notice] 1#1: worker process 20 exited with code 0
2025/07/13 16:18:02 [notice] 1#1: worker process 21 exited with code 0
2025/07/13 16:18:02 [notice] 1#1: worker process 22 exited with code 0
2025/07/13 16:18:02 [notice] 1#1: worker process 23 exited with code 0
2025/07/13 16:18:02 [notice] 1#1: worker process 26 exited with code 0
2025/07/13 16:18:02 [notice] 1#1: worker process 28 exited with code 0
2025/07/13 16:18:02 [notice] 1#1: worker process 31 exited with code 0
2025/07/13 16:18:02 [notice] 1#1: worker process 34 exited with code 0
2025/07/13 16:18:02 [notice] 1#1: signal 29 (SIGIO) received
2025/07/13 16:18:02 [notice] 1#1: signal 17 (SIGCHLD) received from 34
2025/07/13 16:18:02 [notice] 1#1: signal 17 (SIGCHLD) received from 33
2025/07/13 16:18:02 [notice] 1#1: worker process 24 exited with code 0
2025/07/13 16:18:02 [notice] 1#1: worker process 30 exited with code 0
2025/07/13 16:18:02 [notice] 1#1: worker process 33 exited with code 0
2025/07/13 16:18:02 [notice] 1#1: worker process 35 exited with code 0
2025/07/13 16:18:02 [notice] 1#1: exit
2025/07/13 16:25:17 [notice] 1#1: using the "epoll" event method
2025/07/13 16:25:17 [notice] 1#1: nginx/1.25.2
2025/07/13 16:25:17 [notice] 1#1: built by gcc 12.2.1 20220924 (Alpine 12.2.1_git20220924-r10) 
2025/07/13 16:25:17 [notice] 1#1: OS: Linux 5.10.16.3-microsoft-standard-WSL2
2025/07/13 16:25:17 [notice] 1#1: getrlimit(RLIMIT_NOFILE): 1048576:1048576
2025/07/13 16:25:17 [notice] 1#1: start worker processes
2025/07/13 16:25:17 [notice] 1#1: start worker process 20
2025/07/13 16:25:17 [notice] 1#1: start worker process 21
2025/07/13 16:25:17 [notice] 1#1: start worker process 22
2025/07/13 16:25:17 [notice] 1#1: start worker process 23
2025/07/13 16:25:17 [notice] 1#1: start worker process 24
2025/07/13 16:25:17 [notice] 1#1: start worker process 25
2025/07/13 16:25:17 [notice] 1#1: start worker process 26
2025/07/13 16:25:17 [notice] 1#1: start worker process 27
2025/07/13 16:25:17 [notice] 1#1: start worker process 28
2025/07/13 16:25:17 [notice] 1#1: start worker process 29
2025/07/13 16:25:17 [notice] 1#1: start worker process 30
2025/07/13 16:25:17 [notice] 1#1: start worker process 31
2025/07/13 16:25:17 [notice] 1#1: start worker process 32
2025/07/13 16:25:17 [notice] 1#1: start worker process 33
2025/07/13 16:25:17 [notice] 1#1: start worker process 34
2025/07/13 16:25:17 [notice] 1#1: start worker process 35
2025/07/13 16:34:44 [notice] 1#1: signal 3 (SIGQUIT) received, shutting down
2025/07/13 16:34:44 [notice] 21#21: gracefully shutting down
2025/07/13 16:34:44 [notice] 29#29: gracefully shutting down
2025/07/13 16:34:44 [notice] 20#20: gracefully shutting down
2025/07/13 16:34:44 [notice] 23#23: gracefully shutting down
2025/07/13 16:34:44 [notice] 22#22: gracefully shutting down
2025/07/13 16:34:44 [notice] 24#24: gracefully shutting down
2025/07/13 16:34:44 [notice] 26#26: gracefully shutting down
2025/07/13 16:34:44 [notice] 25#25: gracefully shutting down
2025/07/13 16:34:44 [notice] 27#27: gracefully shutting down
2025/07/13 16:34:44 [notice] 28#28: gracefully shutting down
2025/07/13 16:34:44 [notice] 31#31: gracefully shutting down
2025/07/13 16:34:44 [notice] 34#34: gracefully shutting down
2025/07/13 16:34:44 [notice] 32#32: gracefully shutting down
2025/07/13 16:34:44 [notice] 30#30: gracefully shutting down
2025/07/13 16:34:44 [notice] 35#35: gracefully shutting down
2025/07/13 16:34:44 [notice] 33#33: gracefully shutting down
2025/07/13 16:34:44 [notice] 21#21: exiting
2025/07/13 16:34:44 [notice] 29#29: exiting
2025/07/13 16:34:44 [notice] 20#20: exiting
2025/07/13 16:34:44 [notice] 23#23: exiting
2025/07/13 16:34:44 [notice] 22#22: exiting
2025/07/13 16:34:44 [notice] 24#24: exiting
2025/07/13 16:34:44 [notice] 26#26: exiting
2025/07/13 16:34:44 [notice] 25#25: exiting
2025/07/13 16:34:44 [notice] 27#27: exiting
2025/07/13 16:34:44 [notice] 28#28: exiting
2025/07/13 16:34:44 [notice] 31#31: exiting
2025/07/13 16:34:44 [notice] 34#34: exiting
2025/07/13 16:34:44 [notice] 32#32: exiting
2025/07/13 16:34:44 [notice] 30#30: exiting
2025/07/13 16:34:44 [notice] 35#35: exiting
2025/07/13 16:34:44 [notice] 33#33: exiting
2025/07/13 16:34:44 [notice] 21#21: exit
2025/07/13 16:34:44 [notice] 29#29: exit
2025/07/13 16:34:44 [notice] 20#20: exit
2025/07/13 16:34:44 [notice] 23#23: exit
2025/07/13 16:34:44 [notice] 22#22: exit
2025/07/13 16:34:44 [notice] 24#24: exit
2025/07/13 16:34:44 [notice] 26#26: exit
2025/07/13 16:34:44 [notice] 25#25: exit
2025/07/13 16:34:44 [notice] 27#27: exit
2025/07/13 16:34:44 [notice] 28#28: exit
2025/07/13 16:34:44 [notice] 31#31: exit
2025/07/13 16:34:44 [notice] 34#34: exit
2025/07/13 16:34:44 [notice] 32#32: exit
2025/07/13 16:34:44 [notice] 30#30: exit
2025/07/13 16:34:44 [notice] 35#35: exit
2025/07/13 16:34:44 [notice] 33#33: exit
2025/07/13 16:34:45 [notice] 1#1: signal 17 (SIGCHLD) received from 25
2025/07/13 16:34:45 [notice] 1#1: worker process 25 exited with code 0
2025/07/13 16:34:45 [notice] 1#1: signal 29 (SIGIO) received
2025/07/13 16:34:45 [notice] 1#1: signal 17 (SIGCHLD) received from 28
2025/07/13 16:34:45 [notice] 1#1: worker process 20 exited with code 0
2025/07/13 16:34:45 [notice] 1#1: worker process 21 exited with code 0
2025/07/13 16:34:45 [notice] 1#1: worker process 23 exited with code 0
2025/07/13 16:34:45 [notice] 1#1: worker process 24 exited with code 0
2025/07/13 16:34:45 [notice] 1#1: worker process 26 exited with code 0
2025/07/13 16:34:45 [notice] 1#1: worker process 27 exited with code 0
2025/07/13 16:34:45 [notice] 1#1: worker process 28 exited with code 0
2025/07/13 16:34:45 [notice] 1#1: worker process 29 exited with code 0
2025/07/13 16:34:45 [notice] 1#1: worker process 30 exited with code 0
2025/07/13 16:34:45 [notice] 1#1: worker process 32 exited with code 0
2025/07/13 16:34:45 [notice] 1#1: worker process 33 exited with code 0
2025/07/13 16:34:45 [notice] 1#1: worker process 35 exited with code 0
2025/07/13 16:34:45 [notice] 1#1: signal 29 (SIGIO) received
2025/07/13 16:34:45 [notice] 1#1: signal 17 (SIGCHLD) received from 21
2025/07/13 16:34:45 [notice] 1#1: signal 17 (SIGCHLD) received from 31
2025/07/13 16:34:45 [notice] 1#1: worker process 22 exited with code 0
2025/07/13 16:34:45 [notice] 1#1: worker process 31 exited with code 0
2025/07/13 16:34:45 [notice] 1#1: worker process 34 exited with code 0
2025/07/13 16:34:45 [notice] 1#1: exit
2025/07/13 16:45:05 [notice] 1#1: using the "epoll" event method
2025/07/13 16:45:05 [notice] 1#1: nginx/1.25.2
2025/07/13 16:45:05 [notice] 1#1: built by gcc 12.2.1 20220924 (Alpine 12.2.1_git20220924-r10) 
2025/07/13 16:45:05 [notice] 1#1: OS: Linux 5.10.16.3-microsoft-standard-WSL2
2025/07/13 16:45:05 [notice] 1#1: getrlimit(RLIMIT_NOFILE): 1048576:1048576
2025/07/13 16:45:05 [notice] 1#1: start worker processes
2025/07/13 16:45:05 [notice] 1#1: start worker process 20
2025/07/13 16:45:05 [notice] 1#1: start worker process 21
2025/07/13 16:45:05 [notice] 1#1: start worker process 22
2025/07/13 16:45:05 [notice] 1#1: start worker process 23
2025/07/13 16:45:05 [notice] 1#1: start worker process 24
2025/07/13 16:45:05 [notice] 1#1: start worker process 25
2025/07/13 16:45:05 [notice] 1#1: start worker process 26
2025/07/13 16:45:05 [notice] 1#1: start worker process 27
2025/07/13 16:45:05 [notice] 1#1: start worker process 28
2025/07/13 16:45:05 [notice] 1#1: start worker process 29
2025/07/13 16:45:05 [notice] 1#1: start worker process 30
2025/07/13 16:45:05 [notice] 1#1: start worker process 31
2025/07/13 16:45:05 [notice] 1#1: start worker process 32
2025/07/13 16:45:05 [notice] 1#1: start worker process 33
2025/07/13 16:45:05 [notice] 1#1: start worker process 34
2025/07/13 16:45:05 [notice] 1#1: start worker process 35
2025/07/13 16:55:28 [notice] 1#1: signal 3 (SIGQUIT) received, shutting down
2025/07/13 16:55:28 [notice] 21#21: gracefully shutting down
2025/07/13 16:55:28 [notice] 29#29: gracefully shutting down
2025/07/13 16:55:28 [notice] 20#20: gracefully shutting down
2025/07/13 16:55:28 [notice] 23#23: gracefully shutting down
2025/07/13 16:55:28 [notice] 22#22: gracefully shutting down
2025/07/13 16:55:28 [notice] 25#25: gracefully shutting down
2025/07/13 16:55:28 [notice] 26#26: gracefully shutting down
2025/07/13 16:55:28 [notice] 27#27: gracefully shutting down
2025/07/13 16:55:28 [notice] 28#28: gracefully shutting down
2025/07/13 16:55:28 [notice] 24#24: gracefully shutting down
2025/07/13 16:55:28 [notice] 31#31: gracefully shutting down
2025/07/13 16:55:28 [notice] 35#35: gracefully shutting down
2025/07/13 16:55:28 [notice] 30#30: gracefully shutting down
2025/07/13 16:55:28 [notice] 33#33: gracefully shutting down
2025/07/13 16:55:28 [notice] 32#32: gracefully shutting down
2025/07/13 16:55:28 [notice] 21#21: exiting
2025/07/13 16:55:28 [notice] 34#34: gracefully shutting down
2025/07/13 16:55:28 [notice] 29#29: exiting
2025/07/13 16:55:28 [notice] 20#20: exiting
2025/07/13 16:55:28 [notice] 23#23: exiting
2025/07/13 16:55:28 [notice] 20#20: exit
2025/07/13 16:55:28 [notice] 22#22: exiting
2025/07/13 16:55:28 [notice] 25#25: exiting
2025/07/13 16:55:28 [notice] 26#26: exiting
2025/07/13 16:55:28 [notice] 27#27: exiting
2025/07/13 16:55:28 [notice] 26#26: exit
2025/07/13 16:55:28 [notice] 28#28: exiting
2025/07/13 16:55:28 [notice] 24#24: exiting
2025/07/13 16:55:28 [notice] 31#31: exiting
2025/07/13 16:55:28 [notice] 35#35: exiting
2025/07/13 16:55:28 [notice] 30#30: exiting
2025/07/13 16:55:28 [notice] 33#33: exiting
2025/07/13 16:55:28 [notice] 32#32: exiting
2025/07/13 16:55:28 [notice] 21#21: exit
2025/07/13 16:55:28 [notice] 34#34: exiting
2025/07/13 16:55:28 [notice] 29#29: exit
2025/07/13 16:55:28 [notice] 23#23: exit
2025/07/13 16:55:28 [notice] 22#22: exit
2025/07/13 16:55:28 [notice] 25#25: exit
2025/07/13 16:55:28 [notice] 27#27: exit
2025/07/13 16:55:28 [notice] 28#28: exit
2025/07/13 16:55:28 [notice] 24#24: exit
2025/07/13 16:55:28 [notice] 31#31: exit
2025/07/13 16:55:28 [notice] 35#35: exit
2025/07/13 16:55:28 [notice] 30#30: exit
2025/07/13 16:55:28 [notice] 33#33: exit
2025/07/13 16:55:28 [notice] 32#32: exit
2025/07/13 16:55:28 [notice] 34#34: exit
2025/07/13 16:55:28 [notice] 1#1: signal 17 (SIGCHLD) received from 20
2025/07/13 16:55:28 [notice] 1#1: worker process 20 exited with code 0
2025/07/13 16:55:28 [notice] 1#1: worker process 32 exited with code 0
2025/07/13 16:55:28 [notice] 1#1: signal 29 (SIGIO) received
2025/07/13 16:55:28 [notice] 1#1: signal 17 (SIGCHLD) received from 32
2025/07/13 16:55:28 [notice] 1#1: signal 17 (SIGCHLD) received from 33
2025/07/13 16:55:28 [notice] 1#1: worker process 21 exited with code 0
2025/07/13 16:55:28 [notice] 1#1: worker process 23 exited with code 0
2025/07/13 16:55:28 [notice] 1#1: worker process 24 exited with code 0
2025/07/13 16:55:28 [notice] 1#1: worker process 25 exited with code 0
2025/07/13 16:55:28 [notice] 1#1: worker process 26 exited with code 0
2025/07/13 16:55:28 [notice] 1#1: worker process 27 exited with code 0
2025/07/13 16:55:28 [notice] 1#1: worker process 28 exited with code 0
2025/07/13 16:55:28 [notice] 1#1: worker process 29 exited with code 0
2025/07/13 16:55:28 [notice] 1#1: worker process 30 exited with code 0
2025/07/13 16:55:28 [notice] 1#1: worker process 31 exited with code 0
2025/07/13 16:55:28 [notice] 1#1: worker process 33 exited with code 0
2025/07/13 16:55:28 [notice] 1#1: worker process 35 exited with code 0
2025/07/13 16:55:28 [notice] 1#1: signal 29 (SIGIO) received
2025/07/13 16:55:28 [notice] 1#1: signal 17 (SIGCHLD) received from 35
2025/07/13 16:55:28 [notice] 1#1: signal 17 (SIGCHLD) received from 34
2025/07/13 16:55:28 [notice] 1#1: worker process 22 exited with code 0
2025/07/13 16:55:28 [notice] 1#1: worker process 34 exited with code 0
2025/07/13 16:55:28 [notice] 1#1: exit
2025/07/13 17:16:51 [notice] 1#1: using the "epoll" event method
2025/07/13 17:16:51 [notice] 1#1: nginx/1.25.2
2025/07/13 17:16:51 [notice] 1#1: built by gcc 12.2.1 20220924 (Alpine 12.2.1_git20220924-r10) 
2025/07/13 17:16:51 [notice] 1#1: OS: Linux 5.10.16.3-microsoft-standard-WSL2
2025/07/13 17:16:51 [notice] 1#1: getrlimit(RLIMIT_NOFILE): 1048576:1048576
2025/07/13 17:16:51 [notice] 1#1: start worker processes
2025/07/13 17:16:51 [notice] 1#1: start worker process 20
2025/07/13 17:16:51 [notice] 1#1: start worker process 21
2025/07/13 17:16:51 [notice] 1#1: start worker process 22
2025/07/13 17:16:51 [notice] 1#1: start worker process 23
2025/07/13 17:16:51 [notice] 1#1: start worker process 24
2025/07/13 17:16:51 [notice] 1#1: start worker process 25
2025/07/13 17:16:51 [notice] 1#1: start worker process 26
2025/07/13 17:16:51 [notice] 1#1: start worker process 27
2025/07/13 17:16:51 [notice] 1#1: start worker process 28
2025/07/13 17:16:51 [notice] 1#1: start worker process 29
2025/07/13 17:16:51 [notice] 1#1: start worker process 30
2025/07/13 17:16:51 [notice] 1#1: start worker process 31
2025/07/13 17:16:51 [notice] 1#1: start worker process 32
2025/07/13 17:16:51 [notice] 1#1: start worker process 33
2025/07/13 17:16:51 [notice] 1#1: start worker process 34
2025/07/13 17:16:51 [notice] 1#1: start worker process 35
2025/07/13 17:35:32 [notice] 1#1: signal 3 (SIGQUIT) received, shutting down
2025/07/13 17:35:32 [notice] 22#22: gracefully shutting down
2025/07/13 17:35:32 [notice] 23#23: gracefully shutting down
2025/07/13 17:35:32 [notice] 21#21: gracefully shutting down
2025/07/13 17:35:32 [notice] 24#24: gracefully shutting down
2025/07/13 17:35:32 [notice] 20#20: gracefully shutting down
2025/07/13 17:35:32 [notice] 25#25: gracefully shutting down
2025/07/13 17:35:32 [notice] 28#28: gracefully shutting down
2025/07/13 17:35:32 [notice] 29#29: gracefully shutting down
2025/07/13 17:35:32 [notice] 26#26: gracefully shutting down
2025/07/13 17:35:32 [notice] 27#27: gracefully shutting down
2025/07/13 17:35:32 [notice] 31#31: gracefully shutting down
2025/07/13 17:35:32 [notice] 30#30: gracefully shutting down
2025/07/13 17:35:32 [notice] 33#33: gracefully shutting down
2025/07/13 17:35:32 [notice] 34#34: gracefully shutting down
2025/07/13 17:35:32 [notice] 32#32: gracefully shutting down
2025/07/13 17:35:32 [notice] 35#35: gracefully shutting down
2025/07/13 17:35:32 [notice] 22#22: exiting
2025/07/13 17:35:32 [notice] 23#23: exiting
2025/07/13 17:35:32 [notice] 21#21: exiting
2025/07/13 17:35:32 [notice] 24#24: exiting
2025/07/13 17:35:32 [notice] 20#20: exiting
2025/07/13 17:35:32 [notice] 25#25: exiting
2025/07/13 17:35:32 [notice] 28#28: exiting
2025/07/13 17:35:32 [notice] 29#29: exiting
2025/07/13 17:35:32 [notice] 26#26: exiting
2025/07/13 17:35:32 [notice] 27#27: exiting
2025/07/13 17:35:32 [notice] 31#31: exiting
2025/07/13 17:35:32 [notice] 30#30: exiting
2025/07/13 17:35:32 [notice] 33#33: exiting
2025/07/13 17:35:32 [notice] 34#34: exiting
2025/07/13 17:35:32 [notice] 32#32: exiting
2025/07/13 17:35:32 [notice] 35#35: exiting
2025/07/13 17:35:32 [notice] 22#22: exit
2025/07/13 17:35:32 [notice] 23#23: exit
2025/07/13 17:35:32 [notice] 21#21: exit
2025/07/13 17:35:32 [notice] 24#24: exit
2025/07/13 17:35:32 [notice] 20#20: exit
2025/07/13 17:35:32 [notice] 25#25: exit
2025/07/13 17:35:32 [notice] 28#28: exit
2025/07/13 17:35:32 [notice] 29#29: exit
2025/07/13 17:35:32 [notice] 26#26: exit
2025/07/13 17:35:32 [notice] 27#27: exit
2025/07/13 17:35:32 [notice] 31#31: exit
2025/07/13 17:35:32 [notice] 30#30: exit
2025/07/13 17:35:32 [notice] 33#33: exit
2025/07/13 17:35:32 [notice] 34#34: exit
2025/07/13 17:35:32 [notice] 32#32: exit
2025/07/13 17:35:32 [notice] 35#35: exit
2025/07/13 17:35:32 [notice] 1#1: signal 17 (SIGCHLD) received from 28
2025/07/13 17:35:32 [notice] 1#1: worker process 21 exited with code 0
2025/07/13 17:35:32 [notice] 1#1: worker process 22 exited with code 0
2025/07/13 17:35:32 [notice] 1#1: worker process 23 exited with code 0
2025/07/13 17:35:32 [notice] 1#1: worker process 25 exited with code 0
2025/07/13 17:35:32 [notice] 1#1: worker process 26 exited with code 0
2025/07/13 17:35:32 [notice] 1#1: worker process 27 exited with code 0
2025/07/13 17:35:32 [notice] 1#1: worker process 28 exited with code 0
2025/07/13 17:35:32 [notice] 1#1: worker process 31 exited with code 0
2025/07/13 17:35:32 [notice] 1#1: worker process 32 exited with code 0
2025/07/13 17:35:32 [notice] 1#1: worker process 33 exited with code 0
2025/07/13 17:35:32 [notice] 1#1: worker process 34 exited with code 0
2025/07/13 17:35:32 [notice] 1#1: worker process 35 exited with code 0
2025/07/13 17:35:32 [notice] 1#1: signal 29 (SIGIO) received
2025/07/13 17:35:32 [notice] 1#1: signal 17 (SIGCHLD) received from 33
2025/07/13 17:35:32 [notice] 1#1: signal 17 (SIGCHLD) received from 30
2025/07/13 17:35:32 [notice] 1#1: worker process 20 exited with code 0
2025/07/13 17:35:32 [notice] 1#1: worker process 24 exited with code 0
2025/07/13 17:35:32 [notice] 1#1: worker process 30 exited with code 0
2025/07/13 17:35:32 [notice] 1#1: signal 29 (SIGIO) received
2025/07/13 17:35:32 [notice] 1#1: signal 17 (SIGCHLD) received from 20
2025/07/13 17:35:32 [notice] 1#1: signal 17 (SIGCHLD) received from 29
2025/07/13 17:35:32 [notice] 1#1: worker process 29 exited with code 0
2025/07/13 17:35:32 [notice] 1#1: exit
2025/07/14 04:19:05 [notice] 1#1: using the "epoll" event method
2025/07/14 04:19:05 [notice] 1#1: nginx/1.25.2
2025/07/14 04:19:05 [notice] 1#1: built by gcc 12.2.1 20220924 (Alpine 12.2.1_git20220924-r10) 
2025/07/14 04:19:05 [notice] 1#1: OS: Linux 5.10.16.3-microsoft-standard-WSL2
2025/07/14 04:19:05 [notice] 1#1: getrlimit(RLIMIT_NOFILE): 1048576:1048576
2025/07/14 04:19:05 [notice] 1#1: start worker processes
2025/07/14 04:19:05 [notice] 1#1: start worker process 20
2025/07/14 04:19:05 [notice] 1#1: start worker process 21
2025/07/14 04:19:05 [notice] 1#1: start worker process 22
2025/07/14 04:19:05 [notice] 1#1: start worker process 23
2025/07/14 04:19:05 [notice] 1#1: start worker process 24
2025/07/14 04:19:05 [notice] 1#1: start worker process 25
2025/07/14 04:19:05 [notice] 1#1: start worker process 26
2025/07/14 04:19:05 [notice] 1#1: start worker process 27
2025/07/14 04:19:05 [notice] 1#1: start worker process 28
2025/07/14 04:19:05 [notice] 1#1: start worker process 29
2025/07/14 04:19:05 [notice] 1#1: start worker process 30
2025/07/14 04:19:05 [notice] 1#1: start worker process 31
2025/07/14 04:19:05 [notice] 1#1: start worker process 32
2025/07/14 04:19:05 [notice] 1#1: start worker process 33
2025/07/14 04:19:05 [notice] 1#1: start worker process 34
2025/07/14 04:19:05 [notice] 1#1: start worker process 35
